<?xml version="1.0" encoding="UTF-8"?>
<!-- Generated by org.testng.reporters.JUnitReportReporter -->
<testsuite hostname="Yuliana" failures="0" tests="2" name="org.yulianakoprinkova.PostTests.PostTests" time="51.141" errors="0" timestamp="2025-07-05T19:21:00 EEST" skipped="0">
  <testcase classname="org.yulianakoprinkova.PostTests.PostTests" name="verifyUserCanCreatePost" time="16.781"/>
  <testcase classname="org.yulianakoprinkova.PostTests.PostTests" name="verifyUserCanDeletePost" time="34.360"/>
</testsuite> <!-- org.yulianakoprinkova.PostTests.PostTests -->
