<?xml version="1.0" encoding="UTF-8"?>
<!-- Generated by org.testng.reporters.JUnitReportReporter -->
<testsuite hostname="Yuliana" failures="0" tests="2" name="org.yulianakoprinkova.PostTests.PostTests" time="50.523" errors="0" timestamp="2025-07-05T19:07:39 EEST" skipped="0">
  <testcase classname="org.yulianakoprinkova.PostTests.PostTests" name="verifyUserCanCreatePost" time="17.430"/>
  <testcase classname="org.yulianakoprinkova.PostTests.PostTests" name="verifyUserCanDeletePost" time="33.093"/>
</testsuite> <!-- org.yulianakoprinkova.PostTests.PostTests -->
