<?xml version="1.0" encoding="UTF-8"?>
<!-- Generated by org.testng.reporters.JUnitReportReporter -->
<testsuite hostname="Yuliana" failures="0" tests="1" name="org.yulianakoprinkova.RegisterTests.RegisterHappyPathTests" time="7.139" errors="0" timestamp="2025-07-05T19:21:00 EEST" skipped="0">
  <testcase classname="org.yulianakoprinkova.RegisterTests.RegisterHappyPathTests" name="verifyTheUserCanRegisterWithValidCredentials" time="7.139"/>
</testsuite> <!-- org.yulianakoprinkova.RegisterTests.RegisterHappyPathTests -->
