<?xml version="1.0" encoding="UTF-8"?>
<!-- Generated by org.testng.reporters.JUnitReportReporter -->
<testsuite hostname="Yuliana" failures="0" tests="2" name="org.yulianakoprinkova.PostTests.PostTests" time="54.832" errors="0" timestamp="2025-06-29T20:13:29 EEST" skipped="0">
  <testcase classname="org.yulianakoprinkova.PostTests.PostTests" name="verifyUserCanCreatePost" time="21.650"/>
  <testcase classname="org.yulianakoprinkova.PostTests.PostTests" name="verifyUserCanDeletePost" time="33.182"/>
</testsuite> <!-- org.yulianakoprinkova.PostTests.PostTests -->
