<?xml version="1.0" encoding="UTF-8"?>
<testsuite xmlns:xsi="http://www.w3.org/2001/XMLSchema-instance" xsi:noNamespaceSchemaLocation="https://maven.apache.org/surefire/maven-surefire-plugin/xsd/surefire-test-report-3.0.xsd" version="3.0" name="TestSuite" time="59.15" tests="3" errors="0" skipped="0" failures="0">
  <properties>
    <property name="java.specification.version" value="21"/>
    <property name="sun.cpu.isalist" value="amd64"/>
    <property name="sun.jnu.encoding" value="Cp1252"/>
    <property name="java.class.path" value="C:\Users\35988\IdeaProjects\Skillo-Final\target\test-classes;C:\Users\35988\IdeaProjects\Skillo-Final\target\classes;C:\Users\35988\.m2\repository\org\testng\testng\7.10.1\testng-7.10.1.jar;C:\Users\35988\.m2\repository\org\slf4j\slf4j-api\1.7.36\slf4j-api-1.7.36.jar;C:\Users\35988\.m2\repository\com\beust\jcommander\1.82\jcommander-1.82.jar;C:\Users\35988\.m2\repository\org\webjars\jquery\3.7.1\jquery-3.7.1.jar;C:\Users\35988\.m2\repository\org\seleniumhq\selenium\selenium-java\4.25.0\selenium-java-4.25.0.jar;C:\Users\35988\.m2\repository\org\seleniumhq\selenium\selenium-api\4.25.0\selenium-api-4.25.0.jar;C:\Users\35988\.m2\repository\org\jspecify\jspecify\1.0.0\jspecify-1.0.0.jar;C:\Users\35988\.m2\repository\org\seleniumhq\selenium\selenium-chrome-driver\4.25.0\selenium-chrome-driver-4.25.0.jar;C:\Users\35988\.m2\repository\com\google\auto\service\auto-service-annotations\1.1.1\auto-service-annotations-1.1.1.jar;C:\Users\35988\.m2\repository\org\seleniumhq\selenium\selenium-chromium-driver\4.25.0\selenium-chromium-driver-4.25.0.jar;C:\Users\35988\.m2\repository\org\seleniumhq\selenium\selenium-json\4.25.0\selenium-json-4.25.0.jar;C:\Users\35988\.m2\repository\org\seleniumhq\selenium\selenium-manager\4.25.0\selenium-manager-4.25.0.jar;C:\Users\35988\.m2\repository\org\seleniumhq\selenium\selenium-devtools-v127\4.25.0\selenium-devtools-v127-4.25.0.jar;C:\Users\35988\.m2\repository\org\seleniumhq\selenium\selenium-devtools-v128\4.25.0\selenium-devtools-v128-4.25.0.jar;C:\Users\35988\.m2\repository\org\seleniumhq\selenium\selenium-devtools-v129\4.25.0\selenium-devtools-v129-4.25.0.jar;C:\Users\35988\.m2\repository\org\seleniumhq\selenium\selenium-devtools-v85\4.25.0\selenium-devtools-v85-4.25.0.jar;C:\Users\35988\.m2\repository\org\seleniumhq\selenium\selenium-edge-driver\4.25.0\selenium-edge-driver-4.25.0.jar;C:\Users\35988\.m2\repository\org\seleniumhq\selenium\selenium-firefox-driver\4.25.0\selenium-firefox-driver-4.25.0.jar;C:\Users\35988\.m2\repository\org\seleniumhq\selenium\selenium-http\4.25.0\selenium-http-4.25.0.jar;C:\Users\35988\.m2\repository\dev\failsafe\failsafe\3.3.2\failsafe-3.3.2.jar;C:\Users\35988\.m2\repository\org\seleniumhq\selenium\selenium-ie-driver\4.25.0\selenium-ie-driver-4.25.0.jar;C:\Users\35988\.m2\repository\org\seleniumhq\selenium\selenium-remote-driver\4.25.0\selenium-remote-driver-4.25.0.jar;C:\Users\35988\.m2\repository\com\google\guava\guava\33.3.0-jre\guava-33.3.0-jre.jar;C:\Users\35988\.m2\repository\com\google\guava\failureaccess\1.0.2\failureaccess-1.0.2.jar;C:\Users\35988\.m2\repository\com\google\guava\listenablefuture\9999.0-empty-to-avoid-conflict-with-guava\listenablefuture-9999.0-empty-to-avoid-conflict-with-guava.jar;C:\Users\35988\.m2\repository\com\google\code\findbugs\jsr305\3.0.2\jsr305-3.0.2.jar;C:\Users\35988\.m2\repository\org\checkerframework\checker-qual\3.43.0\checker-qual-3.43.0.jar;C:\Users\35988\.m2\repository\com\google\errorprone\error_prone_annotations\2.28.0\error_prone_annotations-2.28.0.jar;C:\Users\35988\.m2\repository\com\google\j2objc\j2objc-annotations\3.0.0\j2objc-annotations-3.0.0.jar;C:\Users\35988\.m2\repository\io\opentelemetry\semconv\opentelemetry-semconv\1.25.0-alpha\opentelemetry-semconv-1.25.0-alpha.jar;C:\Users\35988\.m2\repository\io\opentelemetry\opentelemetry-api\1.42.1\opentelemetry-api-1.42.1.jar;C:\Users\35988\.m2\repository\io\opentelemetry\opentelemetry-context\1.42.1\opentelemetry-context-1.42.1.jar;C:\Users\35988\.m2\repository\io\opentelemetry\opentelemetry-exporter-logging\1.42.1\opentelemetry-exporter-logging-1.42.1.jar;C:\Users\35988\.m2\repository\io\opentelemetry\opentelemetry-sdk-common\1.42.1\opentelemetry-sdk-common-1.42.1.jar;C:\Users\35988\.m2\repository\io\opentelemetry\opentelemetry-sdk-extension-autoconfigure-spi\1.42.1\opentelemetry-sdk-extension-autoconfigure-spi-1.42.1.jar;C:\Users\35988\.m2\repository\io\opentelemetry\opentelemetry-sdk-extension-autoconfigure\1.42.1\opentelemetry-sdk-extension-autoconfigure-1.42.1.jar;C:\Users\35988\.m2\repository\io\opentelemetry\opentelemetry-api-incubator\1.42.1-alpha\opentelemetry-api-incubator-1.42.1-alpha.jar;C:\Users\35988\.m2\repository\io\opentelemetry\opentelemetry-sdk-trace\1.42.1\opentelemetry-sdk-trace-1.42.1.jar;C:\Users\35988\.m2\repository\io\opentelemetry\opentelemetry-sdk\1.42.1\opentelemetry-sdk-1.42.1.jar;C:\Users\35988\.m2\repository\io\opentelemetry\opentelemetry-sdk-metrics\1.42.1\opentelemetry-sdk-metrics-1.42.1.jar;C:\Users\35988\.m2\repository\io\opentelemetry\opentelemetry-sdk-logs\1.42.1\opentelemetry-sdk-logs-1.42.1.jar;C:\Users\35988\.m2\repository\net\bytebuddy\byte-buddy\1.15.1\byte-buddy-1.15.1.jar;C:\Users\35988\.m2\repository\org\seleniumhq\selenium\selenium-os\4.25.0\selenium-os-4.25.0.jar;C:\Users\35988\.m2\repository\org\apache\commons\commons-exec\1.4.0\commons-exec-1.4.0.jar;C:\Users\35988\.m2\repository\org\seleniumhq\selenium\selenium-safari-driver\4.25.0\selenium-safari-driver-4.25.0.jar;C:\Users\35988\.m2\repository\org\seleniumhq\selenium\selenium-support\4.25.0\selenium-support-4.25.0.jar;C:\Users\35988\.m2\repository\org\apache\logging\log4j\log4j-core\2.23.1\log4j-core-2.23.1.jar;C:\Users\35988\.m2\repository\org\apache\logging\log4j\log4j-api\2.23.1\log4j-api-2.23.1.jar;C:\Users\35988\.m2\repository\commons-io\commons-io\2.16.1\commons-io-2.16.1.jar;C:\Users\35988\.m2\repository\org\jetbrains\annotations\26.0.2\annotations-26.0.2.jar;"/>
    <property name="java.vm.vendor" value="Microsoft"/>
    <property name="sun.arch.data.model" value="64"/>
    <property name="user.variant" value=""/>
    <property name="java.vendor.url" value="https://www.microsoft.com"/>
    <property name="user.timezone" value="Europe/Sofia"/>
    <property name="os.name" value="Windows 11"/>
    <property name="java.vm.specification.version" value="21"/>
    <property name="sun.java.launcher" value="SUN_STANDARD"/>
    <property name="user.country" value="US"/>
    <property name="sun.boot.library.path" value="C:\Users\35988\.jdks\ms-21.0.7\bin"/>
    <property name="sun.java.command" value="C:\Users\35988\AppData\Local\Temp\surefire10667642890405845431\surefirebooter-20250705192000968_3.jar C:\Users\35988\AppData\Local\Temp\surefire10667642890405845431 2025-07-05T19-20-00_492-jvmRun1 surefire-20250705192000968_1tmp surefire_0-20250705192000968_2tmp"/>
    <property name="jdk.debug" value="release"/>
    <property name="surefire.test.class.path" value="C:\Users\35988\IdeaProjects\Skillo-Final\target\test-classes;C:\Users\35988\IdeaProjects\Skillo-Final\target\classes;C:\Users\35988\.m2\repository\org\testng\testng\7.10.1\testng-7.10.1.jar;C:\Users\35988\.m2\repository\org\slf4j\slf4j-api\1.7.36\slf4j-api-1.7.36.jar;C:\Users\35988\.m2\repository\com\beust\jcommander\1.82\jcommander-1.82.jar;C:\Users\35988\.m2\repository\org\webjars\jquery\3.7.1\jquery-3.7.1.jar;C:\Users\35988\.m2\repository\org\seleniumhq\selenium\selenium-java\4.25.0\selenium-java-4.25.0.jar;C:\Users\35988\.m2\repository\org\seleniumhq\selenium\selenium-api\4.25.0\selenium-api-4.25.0.jar;C:\Users\35988\.m2\repository\org\jspecify\jspecify\1.0.0\jspecify-1.0.0.jar;C:\Users\35988\.m2\repository\org\seleniumhq\selenium\selenium-chrome-driver\4.25.0\selenium-chrome-driver-4.25.0.jar;C:\Users\35988\.m2\repository\com\google\auto\service\auto-service-annotations\1.1.1\auto-service-annotations-1.1.1.jar;C:\Users\35988\.m2\repository\org\seleniumhq\selenium\selenium-chromium-driver\4.25.0\selenium-chromium-driver-4.25.0.jar;C:\Users\35988\.m2\repository\org\seleniumhq\selenium\selenium-json\4.25.0\selenium-json-4.25.0.jar;C:\Users\35988\.m2\repository\org\seleniumhq\selenium\selenium-manager\4.25.0\selenium-manager-4.25.0.jar;C:\Users\35988\.m2\repository\org\seleniumhq\selenium\selenium-devtools-v127\4.25.0\selenium-devtools-v127-4.25.0.jar;C:\Users\35988\.m2\repository\org\seleniumhq\selenium\selenium-devtools-v128\4.25.0\selenium-devtools-v128-4.25.0.jar;C:\Users\35988\.m2\repository\org\seleniumhq\selenium\selenium-devtools-v129\4.25.0\selenium-devtools-v129-4.25.0.jar;C:\Users\35988\.m2\repository\org\seleniumhq\selenium\selenium-devtools-v85\4.25.0\selenium-devtools-v85-4.25.0.jar;C:\Users\35988\.m2\repository\org\seleniumhq\selenium\selenium-edge-driver\4.25.0\selenium-edge-driver-4.25.0.jar;C:\Users\35988\.m2\repository\org\seleniumhq\selenium\selenium-firefox-driver\4.25.0\selenium-firefox-driver-4.25.0.jar;C:\Users\35988\.m2\repository\org\seleniumhq\selenium\selenium-http\4.25.0\selenium-http-4.25.0.jar;C:\Users\35988\.m2\repository\dev\failsafe\failsafe\3.3.2\failsafe-3.3.2.jar;C:\Users\35988\.m2\repository\org\seleniumhq\selenium\selenium-ie-driver\4.25.0\selenium-ie-driver-4.25.0.jar;C:\Users\35988\.m2\repository\org\seleniumhq\selenium\selenium-remote-driver\4.25.0\selenium-remote-driver-4.25.0.jar;C:\Users\35988\.m2\repository\com\google\guava\guava\33.3.0-jre\guava-33.3.0-jre.jar;C:\Users\35988\.m2\repository\com\google\guava\failureaccess\1.0.2\failureaccess-1.0.2.jar;C:\Users\35988\.m2\repository\com\google\guava\listenablefuture\9999.0-empty-to-avoid-conflict-with-guava\listenablefuture-9999.0-empty-to-avoid-conflict-with-guava.jar;C:\Users\35988\.m2\repository\com\google\code\findbugs\jsr305\3.0.2\jsr305-3.0.2.jar;C:\Users\35988\.m2\repository\org\checkerframework\checker-qual\3.43.0\checker-qual-3.43.0.jar;C:\Users\35988\.m2\repository\com\google\errorprone\error_prone_annotations\2.28.0\error_prone_annotations-2.28.0.jar;C:\Users\35988\.m2\repository\com\google\j2objc\j2objc-annotations\3.0.0\j2objc-annotations-3.0.0.jar;C:\Users\35988\.m2\repository\io\opentelemetry\semconv\opentelemetry-semconv\1.25.0-alpha\opentelemetry-semconv-1.25.0-alpha.jar;C:\Users\35988\.m2\repository\io\opentelemetry\opentelemetry-api\1.42.1\opentelemetry-api-1.42.1.jar;C:\Users\35988\.m2\repository\io\opentelemetry\opentelemetry-context\1.42.1\opentelemetry-context-1.42.1.jar;C:\Users\35988\.m2\repository\io\opentelemetry\opentelemetry-exporter-logging\1.42.1\opentelemetry-exporter-logging-1.42.1.jar;C:\Users\35988\.m2\repository\io\opentelemetry\opentelemetry-sdk-common\1.42.1\opentelemetry-sdk-common-1.42.1.jar;C:\Users\35988\.m2\repository\io\opentelemetry\opentelemetry-sdk-extension-autoconfigure-spi\1.42.1\opentelemetry-sdk-extension-autoconfigure-spi-1.42.1.jar;C:\Users\35988\.m2\repository\io\opentelemetry\opentelemetry-sdk-extension-autoconfigure\1.42.1\opentelemetry-sdk-extension-autoconfigure-1.42.1.jar;C:\Users\35988\.m2\repository\io\opentelemetry\opentelemetry-api-incubator\1.42.1-alpha\opentelemetry-api-incubator-1.42.1-alpha.jar;C:\Users\35988\.m2\repository\io\opentelemetry\opentelemetry-sdk-trace\1.42.1\opentelemetry-sdk-trace-1.42.1.jar;C:\Users\35988\.m2\repository\io\opentelemetry\opentelemetry-sdk\1.42.1\opentelemetry-sdk-1.42.1.jar;C:\Users\35988\.m2\repository\io\opentelemetry\opentelemetry-sdk-metrics\1.42.1\opentelemetry-sdk-metrics-1.42.1.jar;C:\Users\35988\.m2\repository\io\opentelemetry\opentelemetry-sdk-logs\1.42.1\opentelemetry-sdk-logs-1.42.1.jar;C:\Users\35988\.m2\repository\net\bytebuddy\byte-buddy\1.15.1\byte-buddy-1.15.1.jar;C:\Users\35988\.m2\repository\org\seleniumhq\selenium\selenium-os\4.25.0\selenium-os-4.25.0.jar;C:\Users\35988\.m2\repository\org\apache\commons\commons-exec\1.4.0\commons-exec-1.4.0.jar;C:\Users\35988\.m2\repository\org\seleniumhq\selenium\selenium-safari-driver\4.25.0\selenium-safari-driver-4.25.0.jar;C:\Users\35988\.m2\repository\org\seleniumhq\selenium\selenium-support\4.25.0\selenium-support-4.25.0.jar;C:\Users\35988\.m2\repository\org\apache\logging\log4j\log4j-core\2.23.1\log4j-core-2.23.1.jar;C:\Users\35988\.m2\repository\org\apache\logging\log4j\log4j-api\2.23.1\log4j-api-2.23.1.jar;C:\Users\35988\.m2\repository\commons-io\commons-io\2.16.1\commons-io-2.16.1.jar;C:\Users\35988\.m2\repository\org\jetbrains\annotations\26.0.2\annotations-26.0.2.jar;"/>
    <property name="sun.cpu.endian" value="little"/>
    <property name="user.home" value="C:\Users\35988"/>
    <property name="user.language" value="en"/>
    <property name="java.specification.vendor" value="Oracle Corporation"/>
    <property name="java.version.date" value="2025-04-15"/>
    <property name="java.home" value="C:\Users\35988\.jdks\ms-21.0.7"/>
    <property name="file.separator" value="\"/>
    <property name="basedir" value="C:\Users\35988\IdeaProjects\Skillo-Final"/>
    <property name="java.vm.compressedOopsMode" value="Zero based"/>
    <property name="line.separator" value="&#10;"/>
    <property name="java.vm.specification.vendor" value="Oracle Corporation"/>
    <property name="java.specification.name" value="Java Platform API Specification"/>
    <property name="surefire.real.class.path" value="C:\Users\35988\AppData\Local\Temp\surefire10667642890405845431\surefirebooter-20250705192000968_3.jar"/>
    <property name="user.script" value=""/>
    <property name="sun.management.compiler" value="HotSpot 64-Bit Tiered Compilers"/>
    <property name="java.runtime.version" value="21.0.7+6-LTS"/>
    <property name="user.name" value="35988"/>
    <property name="stdout.encoding" value="Cp1252"/>
    <property name="path.separator" value=";"/>
    <property name="os.version" value="10.0"/>
    <property name="java.runtime.name" value="OpenJDK Runtime Environment"/>
    <property name="file.encoding" value="UTF-8"/>
    <property name="java.vm.name" value="OpenJDK 64-Bit Server VM"/>
    <property name="java.vendor.version" value="Microsoft-11369940"/>
    <property name="localRepository" value="C:\Users\35988\.m2\repository"/>
    <property name="java.vendor.url.bug" value="https://github.com/microsoft/openjdk/issues"/>
    <property name="java.io.tmpdir" value="C:\Users\35988\AppData\Local\Temp\"/>
    <property name="idea.version" value="2025.1.3"/>
    <property name="java.version" value="21.0.7"/>
    <property name="user.dir" value="C:\Users\35988\IdeaProjects\Skillo-Final"/>
    <property name="os.arch" value="amd64"/>
    <property name="java.vm.specification.name" value="Java Virtual Machine Specification"/>
    <property name="sun.os.patch.level" value=""/>
    <property name="native.encoding" value="Cp1252"/>
    <property name="java.library.path" value="C:\Users\35988\.jdks\ms-21.0.7\bin;C:\WINDOWS\Sun\Java\bin;C:\WINDOWS\system32;C:\WINDOWS;C:\Program Files\Common Files\Oracle\Java\javapath;C:\WINDOWS\system32;C:\WINDOWS;C:\WINDOWS\System32\Wbem;C:\WINDOWS\System32\WindowsPowerShell\v1.0\;C:\WINDOWS\System32\OpenSSH\;C:\Program Files\Git\cmd;C:\Browsers;C:\Users\35988\AppData\Local\Microsoft\WindowsApps;C:\Program Files\JetBrains\PyCharm Community Edition 2019.3.4\bin;;C:\Program Files\JetBrains\IntelliJ IDEA 2024.3.4.1\bin;;C:\Program Files\JetBrains\IntelliJ IDEA Community Edition 2024.3.4.1\bin;;C:\Users\35988\AppData\Local\GitHubDesktop\bin;."/>
    <property name="java.vm.info" value="mixed mode, sharing"/>
    <property name="stderr.encoding" value="Cp1252"/>
    <property name="java.vendor" value="Microsoft"/>
    <property name="java.vm.version" value="21.0.7+6-LTS"/>
    <property name="sun.io.unicode.encoding" value="UnicodeLittle"/>
    <property name="java.class.version" value="65.0"/>
  </properties>
  <testcase name="verifyUserCanCreatePost" classname="org.yulianakoprinkova.PostTests.PostTests" time="14.69">
    <system-out><![CDATA[____________________________________________________________
Deleting unnecessary files from folder with path: src\test\resources\reports\
Deleted all files in Directory: src\test\resources\reports\
***   ***   ***
____________________________________________________________
Deleting unnecessary files from folder with path: src\test\resources\screenshots\
Deleted all files in Directory: src\test\resources\screenshots\
***   ***   ***
[main] 19:20:03,129 INFO  [GUI TAF]  ==== TEST CASE NAME : verifyUserCanCreatePost ON DATE : Sat Jul 05 19:20:03 EEST 2025  ==== 
[main] 19:20:03,134 INFO  [GUI TAF] Create driver: chrome
[main] 19:20:06,405 INFO  [GUI TAF] STEP 1: Navigating to Home page 
[main] 19:20:07,138 INFO  [GUI TAF] # CONFIRM: The user has navigated to the following url: http://training.skillo-bg.com:4300/posts/all
[main] 19:20:07,138 INFO  [GUI TAF] STEP 2: Navigating to Login page 
[main] 19:20:07,475 INFO  [GUI TAF] STEP 3: Logging with registered user credentials 
[main] 19:20:08,430 INFO  [GUI TAF] STEP 4: Click on New Post navigation bar 
[main] 19:20:09,199 INFO  [GUI TAF] STEP 5: Upload picture 
[main] 19:20:09,223 INFO  [GUI TAF] @ ACTION The user is verifying if web element is shown with locator: info LOCATOR STRATEGY BY :  CSS SELECTOR WITH LOCATOR EXPRESSION .file[type='file']]
[main] 19:20:16,305 ERROR [GUI TAF] * ERROR NOT SHOWN Web element with LOCATOR STRATEGY BY :  CSS SELECTOR WITH LOCATOR EXPRESSION .file[type='file']]
[main] 19:20:16,353 INFO  [GUI TAF] CONFIRMATION # The file was successfully uploaded.
[main] 19:20:16,355 INFO  [GUI TAF] STEP 6: Provide post caption
[main] 19:20:16,678 INFO  [GUI TAF] CONFIRMATION # The user has provided caption text: Test caption
[main] 19:20:16,678 INFO  [GUI TAF] STEP 7: Click on Create Post Button
[main] 19:20:16,823 INFO  [GUI TAF] CONFIRMATION # The user has clicked on the submit post button.
[main] 19:20:16,823 INFO  [GUI TAF] STEP 8: Check if new post is shown on Profile page
[main] 19:20:20,494 INFO  [GUI TAF] STEP 9: Check if the image in the new post is visible
[main] 19:20:21,017 INFO  [GUI TAF] STEP 10: Check if the user name on the post is correct
]]></system-out>
    <system-err><![CDATA[SLF4J: Failed to load class "org.slf4j.impl.StaticLoggerBinder".
SLF4J: Defaulting to no-operation (NOP) logger implementation
SLF4J: See http://www.slf4j.org/codes.html#StaticLoggerBinder for further details.
Jul 05, 2025 7:20:04 PM org.openqa.selenium.manager.SeleniumManager lambda$runCommand$1
WARNING: The chromedriver version (136.0.7103.92) detected in PATH at C:\Browsers\chromedriver.exe might not be compatible with the detected chrome version (137.0.7151.122); currently, chromedriver 137.0.7151.119 is recommended for chrome 137.*, so it is advised to delete the driver in PATH and retry
Jul 05, 2025 7:20:06 PM org.openqa.selenium.devtools.CdpVersionFinder findNearestMatch
WARNING: Unable to find CDP implementation matching 137
Jul 05, 2025 7:20:06 PM org.openqa.selenium.chromium.ChromiumDriver lambda$new$5
WARNING: Unable to find version of CDP to use for 137.0.7151.122. You may need to include a dependency on a specific version of the CDP using something similar to `org.seleniumhq.selenium:selenium-devtools-v86:4.25.0` where the version ("v86") matches the version of the chromium-based browser you're using and the version number of the artifact is the same as Selenium's.
]]></system-err>
  </testcase>
  <testcase name="verifyUserCanDeletePost" classname="org.yulianakoprinkova.PostTests.PostTests" time="29.797">
    <system-out><![CDATA[[main] 19:20:21,097 INFO  [GUI TAF] LAST STEP: Closing driver
[main] 19:20:21,496 INFO  [GUI TAF]  ==== TEST CASE NAME : verifyUserCanDeletePost ON DATE : Sat Jul 05 19:20:21 EEST 2025  ==== 
[main] 19:20:21,496 INFO  [GUI TAF] Create driver: chrome
[main] 19:20:23,198 INFO  [GUI TAF] STEP 1: Navigating to Home page 
[main] 19:20:23,941 INFO  [GUI TAF] # CONFIRM: The user has navigated to the following url: http://training.skillo-bg.com:4300/posts/all
[main] 19:20:23,941 INFO  [GUI TAF] STEP 2: Navigating to Login page 
[main] 19:20:24,317 INFO  [GUI TAF] STEP 3: Logging with registered user credentials 
[main] 19:20:25,249 INFO  [GUI TAF] STEP 4. Navigating to Profile page.
[main] 19:20:26,226 INFO  [GUI TAF] The user has clicked on element: [[ChromeDriver: chrome on windows (8fc18c2ae98ba3e9f6ca86b17cbf0935)] -> id: nav-link-profile]
[main] 19:20:26,226 INFO  [GUI TAF] STEP 5: Click on post on Profile page.
[main] 19:20:27,143 INFO  [GUI TAF] STEP 6: Click on Delete Post Button.
[main] 19:20:52,382 INFO  [GUI TAF] The user has clicked on element: Proxy element for: DefaultElementLocator 'By.xpath: //label[contains(@class,'delete-ask')]'
[main] 19:20:52,382 INFO  [GUI TAF] STEP 7: Confirm deleting post
[main] 19:20:52,702 INFO  [GUI TAF] The user has clicked on element: [[ChromeDriver: chrome on windows (8fc18c2ae98ba3e9f6ca86b17cbf0935)] -> xpath: //button[contains(@class,'btn btn-primary btn-sm')]]
[main] 19:20:52,702 INFO  [GUI TAF] STEP 8: Check if Delete message is visible
[main] 19:20:52,993 INFO  [GUI TAF] CONFIRMATION # The Post Deleted! message is displayed.
]]></system-out>
    <system-err><![CDATA[Jul 05, 2025 7:20:22 PM org.openqa.selenium.manager.SeleniumManager lambda$runCommand$1
WARNING: The chromedriver version (136.0.7103.92) detected in PATH at C:\Browsers\chromedriver.exe might not be compatible with the detected chrome version (137.0.7151.122); currently, chromedriver 137.0.7151.119 is recommended for chrome 137.*, so it is advised to delete the driver in PATH and retry
Jul 05, 2025 7:20:23 PM org.openqa.selenium.devtools.CdpVersionFinder findNearestMatch
WARNING: Unable to find CDP implementation matching 137
Jul 05, 2025 7:20:23 PM org.openqa.selenium.chromium.ChromiumDriver lambda$new$5
WARNING: Unable to find version of CDP to use for 137.0.7151.122. You may need to include a dependency on a specific version of the CDP using something similar to `org.seleniumhq.selenium:selenium-devtools-v86:4.25.0` where the version ("v86") matches the version of the chromium-based browser you're using and the version number of the artifact is the same as Selenium's.
]]></system-err>
  </testcase>
  <testcase name="verifyTheUserCanRegisterWithValidCredentials" classname="org.yulianakoprinkova.RegisterTests.RegisterHappyPathTests" time="4.369">
    <system-out><![CDATA[[main] 19:20:52,997 INFO  [GUI TAF] LAST STEP: Closing driver
[main] 19:20:53,394 INFO  [GUI TAF]  ==== TEST CASE NAME : verifyTheUserCanRegisterWithValidCredentials ON DATE : Sat Jul 05 19:20:53 EEST 2025  ==== 
[main] 19:20:53,394 INFO  [GUI TAF] Create driver: chrome
[main] 19:20:55,944 INFO  [GUI TAF] STEP 1: Navigating to Registration Page 
[main] 19:20:56,047 INFO  [GUI TAF] # CONFIRM: The user has navigated to the following url: http://training.skillo-bg.com:4300/users/register
[main] 19:20:56,047 INFO  [GUI TAF] STEP 2. Verify the user is on the Registration page 
[main] 19:20:56,826 INFO  [GUI TAF] STEP 3. Verify the registration form title 
[main] 19:20:56,896 INFO  [GUI TAF] # CONFIRM: The web element text is: Sign up
[main] 19:20:56,896 INFO  [GUI TAF] STEP 4. Provide registration username
[main] 19:20:57,304 INFO  [GUI TAF] # CONFIRM: The user has provided the text User159 in element [[ChromeDriver: chrome on windows (c7b358cca01a1861670dc20ad9edd240)] -> xpath: //input[contains(@name, "username")]]
[main] 19:20:57,304 INFO  [GUI TAF] STEP 5. Provide registration email
[main] 19:20:57,768 INFO  [GUI TAF] # CONFIRM: The user has provided the text user1229@gmail.com in element [[ChromeDriver: chrome on windows (c7b358cca01a1861670dc20ad9edd240)] -> xpath: //input[contains(@type, "email")]]
[main] 19:20:57,768 INFO  [GUI TAF] STEP 6. Provide registration birthdate
[main] 19:20:58,062 INFO  [GUI TAF] # CONFIRM: The user has provided the text 22022022 in element [[ChromeDriver: chrome on windows (c7b358cca01a1861670dc20ad9edd240)] -> xpath: //input[contains(@formcontrolname, "birthDate")]]
[main] 19:20:58,062 INFO  [GUI TAF] STEP 7. Provide new password
[main] 19:20:58,382 INFO  [GUI TAF] # CONFIRM: The user has provided the text 22022022!A in element [[ChromeDriver: chrome on windows (c7b358cca01a1861670dc20ad9edd240)] -> id: defaultRegisterFormPassword]
[main] 19:20:58,382 INFO  [GUI TAF] STEP 8. Confirm password
[main] 19:20:58,589 INFO  [GUI TAF] # CONFIRM: The user has provided the text 22022022!A in element [[ChromeDriver: chrome on windows (c7b358cca01a1861670dc20ad9edd240)] -> id: defaultRegisterPhonePassword]
[main] 19:20:58,589 INFO  [GUI TAF] STEP 9. Provide public info
[main] 19:20:58,941 INFO  [GUI TAF] # CONFIRM: The user has provided the text Public profile in element [[ChromeDriver: chrome on windows (c7b358cca01a1861670dc20ad9edd240)] -> xpath: //textarea]
[main] 19:20:58,941 INFO  [GUI TAF] STEP 10. Click on Sign In button
[main] 19:20:59,165 INFO  [GUI TAF] The user has clicked on element: [[ChromeDriver: chrome on windows (c7b358cca01a1861670dc20ad9edd240)] -> id: sign-in-button]
[main] 19:20:59,165 INFO  [GUI TAF] STEP 11. Assert if successful registration popup message is shown
[main] 19:20:59,165 INFO  [GUI TAF] STEP 12. Assert correct text of successful register message is shown
[main] 19:21:00,068 INFO  [GUI TAF] # CONFIRM: The web element text is: Successful register!
[main] 19:21:00,068 INFO  [GUI TAF] STEP 11. Assert if user is on home page for registered users: 
[main] 19:21:00,068 INFO  [GUI TAF] STEP 11.1 Assert page title
[main] 19:21:00,081 INFO  [GUI TAF] STEP 11.2. Assert if Logout Link is shown
[main] 19:21:00,114 INFO  [GUI TAF] @ ACTION The user is verifying if web element is shown with locator: info LOCATOR STRATEGY BY :  CSS SELECTOR WITH LOCATOR EXPRESSION i]
[main] 19:21:00,156 INFO  [GUI TAF] # CONFIRM The web element is shown with info: LOCATOR STRATEGY BY :  CSS SELECTOR WITH LOCATOR EXPRESSION i]
[main] 19:21:00,157 INFO  [GUI TAF] STEP 11.3. Assert if New Post Link is shown
[main] 19:21:00,185 INFO  [GUI TAF] @ ACTION The user is verifying if web element is shown with locator: info LOCATOR STRATEGY BY :  ID WITH LOCATOR EXPRESSION nav-link-new-post]
[main] 19:21:00,228 INFO  [GUI TAF] # CONFIRM The web element is shown with info: LOCATOR STRATEGY BY :  ID WITH LOCATOR EXPRESSION nav-link-new-post]
[main] 19:21:00,228 INFO  [GUI TAF] STEP 11.4. Assert if Profile Link is shown
[main] 19:21:00,255 INFO  [GUI TAF] @ ACTION The user is verifying if web element is shown with locator: info LOCATOR STRATEGY BY :  ID WITH LOCATOR EXPRESSION nav-link-profile]
[main] 19:21:00,311 INFO  [GUI TAF] # CONFIRM The web element is shown with info: LOCATOR STRATEGY BY :  ID WITH LOCATOR EXPRESSION nav-link-profile]
]]></system-out>
    <system-err><![CDATA[Jul 05, 2025 7:20:54 PM org.openqa.selenium.manager.SeleniumManager lambda$runCommand$1
WARNING: The chromedriver version (136.0.7103.92) detected in PATH at C:\Browsers\chromedriver.exe might not be compatible with the detected chrome version (137.0.7151.122); currently, chromedriver 137.0.7151.119 is recommended for chrome 137.*, so it is advised to delete the driver in PATH and retry
Jul 05, 2025 7:20:55 PM org.openqa.selenium.devtools.CdpVersionFinder findNearestMatch
WARNING: Unable to find CDP implementation matching 137
Jul 05, 2025 7:20:55 PM org.openqa.selenium.chromium.ChromiumDriver lambda$new$5
WARNING: Unable to find version of CDP to use for 137.0.7151.122. You may need to include a dependency on a specific version of the CDP using something similar to `org.seleniumhq.selenium:selenium-devtools-v86:4.25.0` where the version ("v86") matches the version of the chromium-based browser you're using and the version number of the artifact is the same as Selenium's.
]]></system-err>
  </testcase>
</testsuite>